Traceback (most recent call last):
  File "/www/wwwroot/syswaw/python/tcp_main.py", line 127, in <module>
    main()
  File "/www/wwwroot/syswaw/python/tcp_main.py", line 106, in main
    logging.basicConfig(level=logging.INFO, format='%(asctime)s - %(levelname)s - %(message)s', filename='tcp_main.log')
  File "/usr/lib/python3.8/logging/__init__.py", line 1988, in basicConfig
    h = FileHandler(filename, mode)
  File "/usr/lib/python3.8/logging/__init__.py", line 1147, in __init__
    StreamHandler.__init__(self, self._open())
  File "/usr/lib/python3.8/logging/__init__.py", line 1176, in _open
    return open(self.baseFilename, self.mode, encoding=self.encoding)
PermissionError: [Errno 13] Permission denied: '/www/wwwroot/syswaw/python/tcp_main.log'
Traceback (most recent call last):
  File "/www/wwwroot/syswaw/python/tcp_main.py", line 127, in <module>
    main()
  File "/www/wwwroot/syswaw/python/tcp_main.py", line 106, in main
    logging.basicConfig(level=logging.INFO, format='%(asctime)s - %(levelname)s - %(message)s', filename='tcp_main.log')
  File "/usr/lib/python3.8/logging/__init__.py", line 1988, in basicConfig
    h = FileHandler(filename, mode)
  File "/usr/lib/python3.8/logging/__init__.py", line 1147, in __init__
    StreamHandler.__init__(self, self._open())
  File "/usr/lib/python3.8/logging/__init__.py", line 1176, in _open
    return open(self.baseFilename, self.mode, encoding=self.encoding)
PermissionError: [Errno 13] Permission denied: '/www/wwwroot/syswaw/python/tcp_main.log'
Traceback (most recent call last):
  File "/www/wwwroot/syswaw/python/tcp_main.py", line 127, in <module>
    main()
  File "/www/wwwroot/syswaw/python/tcp_main.py", line 106, in main
    logging.basicConfig(level=logging.INFO, format='%(asctime)s - %(levelname)s - %(message)s', filename='tcp_main.log')
  File "/usr/lib/python3.8/logging/__init__.py", line 1988, in basicConfig
    h = FileHandler(filename, mode)
  File "/usr/lib/python3.8/logging/__init__.py", line 1147, in __init__
    StreamHandler.__init__(self, self._open())
  File "/usr/lib/python3.8/logging/__init__.py", line 1176, in _open
    return open(self.baseFilename, self.mode, encoding=self.encoding)
PermissionError: [Errno 13] Permission denied: '/www/wwwroot/syswaw/python/tcp_main.log'
Traceback (most recent call last):
  File "/www/wwwroot/syswaw/python/tcp_main.py", line 127, in <module>
    main()
  File "/www/wwwroot/syswaw/python/tcp_main.py", line 106, in main
    logging.basicConfig(level=logging.INFO, format='%(asctime)s - %(levelname)s - %(message)s', filename='tcp_main.log')
  File "/usr/lib/python3.8/logging/__init__.py", line 1988, in basicConfig
    h = FileHandler(filename, mode)
  File "/usr/lib/python3.8/logging/__init__.py", line 1147, in __init__
    StreamHandler.__init__(self, self._open())
  File "/usr/lib/python3.8/logging/__init__.py", line 1176, in _open
    return open(self.baseFilename, self.mode, encoding=self.encoding)
PermissionError: [Errno 13] Permission denied: '/www/wwwroot/syswaw/python/tcp_main.log'
Traceback (most recent call last):
  File "/www/wwwroot/syswaw/python/tcp_main.py", line 127, in <module>
    main()
  File "/www/wwwroot/syswaw/python/tcp_main.py", line 106, in main
    logging.basicConfig(level=logging.INFO, format='%(asctime)s - %(levelname)s - %(message)s', filename='tcp_main.log')
  File "/usr/lib/python3.8/logging/__init__.py", line 1988, in basicConfig
    h = FileHandler(filename, mode)
  File "/usr/lib/python3.8/logging/__init__.py", line 1147, in __init__
    StreamHandler.__init__(self, self._open())
  File "/usr/lib/python3.8/logging/__init__.py", line 1176, in _open
    return open(self.baseFilename, self.mode, encoding=self.encoding)
PermissionError: [Errno 13] Permission denied: '/www/wwwroot/syswaw/python/tcp_main.log'
Traceback (most recent call last):
  File "/www/wwwroot/syswaw/python/tcp_main.py", line 127, in <module>
    main()
  File "/www/wwwroot/syswaw/python/tcp_main.py", line 106, in main
    logging.basicConfig(level=logging.INFO, format='%(asctime)s - %(levelname)s - %(message)s', filename='tcp_main.log')
  File "/usr/lib/python3.8/logging/__init__.py", line 1988, in basicConfig
    h = FileHandler(filename, mode)
  File "/usr/lib/python3.8/logging/__init__.py", line 1147, in __init__
    StreamHandler.__init__(self, self._open())
  File "/usr/lib/python3.8/logging/__init__.py", line 1176, in _open
    return open(self.baseFilename, self.mode, encoding=self.encoding)
PermissionError: [Errno 13] Permission denied: '/www/wwwroot/syswaw/python/tcp_main.log'
Traceback (most recent call last):
  File "/www/wwwroot/syswaw/python/tcp_main.py", line 127, in <module>
    main()
  File "/www/wwwroot/syswaw/python/tcp_main.py", line 106, in main
    logging.basicConfig(level=logging.INFO, format='%(asctime)s - %(levelname)s - %(message)s', filename='tcp_main.log')
  File "/usr/lib/python3.8/logging/__init__.py", line 1988, in basicConfig
    h = FileHandler(filename, mode)
  File "/usr/lib/python3.8/logging/__init__.py", line 1147, in __init__
    StreamHandler.__init__(self, self._open())
  File "/usr/lib/python3.8/logging/__init__.py", line 1176, in _open
    return open(self.baseFilename, self.mode, encoding=self.encoding)
PermissionError: [Errno 13] Permission denied: '/www/wwwroot/syswaw/python/tcp_main.log'
Traceback (most recent call last):
  File "/www/wwwroot/syswaw/python/tcp_main.py", line 127, in <module>
    main()
  File "/www/wwwroot/syswaw/python/tcp_main.py", line 106, in main
    logging.basicConfig(level=logging.INFO, format='%(asctime)s - %(levelname)s - %(message)s', filename='tcp_main.log')
  File "/usr/lib/python3.8/logging/__init__.py", line 1988, in basicConfig
    h = FileHandler(filename, mode)
  File "/usr/lib/python3.8/logging/__init__.py", line 1147, in __init__
    StreamHandler.__init__(self, self._open())
  File "/usr/lib/python3.8/logging/__init__.py", line 1176, in _open
    return open(self.baseFilename, self.mode, encoding=self.encoding)
PermissionError: [Errno 13] Permission denied: '/www/wwwroot/syswaw/python/tcp_main.log'
Traceback (most recent call last):
  File "/www/wwwroot/syswaw/python/tcp_main.py", line 127, in <module>
    main()
  File "/www/wwwroot/syswaw/python/tcp_main.py", line 106, in main
    logging.basicConfig(level=logging.INFO, format='%(asctime)s - %(levelname)s - %(message)s', filename='tcp_main.log')
  File "/usr/lib/python3.8/logging/__init__.py", line 1988, in basicConfig
    h = FileHandler(filename, mode)
  File "/usr/lib/python3.8/logging/__init__.py", line 1147, in __init__
    StreamHandler.__init__(self, self._open())
  File "/usr/lib/python3.8/logging/__init__.py", line 1176, in _open
    return open(self.baseFilename, self.mode, encoding=self.encoding)
PermissionError: [Errno 13] Permission denied: '/www/wwwroot/syswaw/python/tcp_main.log'
Traceback (most recent call last):
  File "/www/wwwroot/syswaw/python/tcp_main.py", line 127, in <module>
    main()
  File "/www/wwwroot/syswaw/python/tcp_main.py", line 106, in main
    logging.basicConfig(level=logging.INFO, format='%(asctime)s - %(levelname)s - %(message)s', filename='tcp_main.log')
  File "/usr/lib/python3.8/logging/__init__.py", line 1988, in basicConfig
    h = FileHandler(filename, mode)
  File "/usr/lib/python3.8/logging/__init__.py", line 1147, in __init__
    StreamHandler.__init__(self, self._open())
  File "/usr/lib/python3.8/logging/__init__.py", line 1176, in _open
    return open(self.baseFilename, self.mode, encoding=self.encoding)
PermissionError: [Errno 13] Permission denied: '/www/wwwroot/syswaw/python/tcp_main.log'
Traceback (most recent call last):
  File "/www/wwwroot/syswaw/python/tcp_main.py", line 127, in <module>
    main()
  File "/www/wwwroot/syswaw/python/tcp_main.py", line 106, in main
    logging.basicConfig(level=logging.INFO, format='%(asctime)s - %(levelname)s - %(message)s', filename='tcp_main.log')
  File "/usr/lib/python3.8/logging/__init__.py", line 1988, in basicConfig
    h = FileHandler(filename, mode)
  File "/usr/lib/python3.8/logging/__init__.py", line 1147, in __init__
    StreamHandler.__init__(self, self._open())
  File "/usr/lib/python3.8/logging/__init__.py", line 1176, in _open
    return open(self.baseFilename, self.mode, encoding=self.encoding)
PermissionError: [Errno 13] Permission denied: '/www/wwwroot/syswaw/python/tcp_main.log'
Traceback (most recent call last):
  File "/www/wwwroot/syswaw/python/tcp_main.py", line 127, in <module>
    main()
  File "/www/wwwroot/syswaw/python/tcp_main.py", line 106, in main
    logging.basicConfig(level=logging.INFO, format='%(asctime)s - %(levelname)s - %(message)s', filename='tcp_main.log')
  File "/usr/lib/python3.8/logging/__init__.py", line 1988, in basicConfig
    h = FileHandler(filename, mode)
  File "/usr/lib/python3.8/logging/__init__.py", line 1147, in __init__
    StreamHandler.__init__(self, self._open())
  File "/usr/lib/python3.8/logging/__init__.py", line 1176, in _open
    return open(self.baseFilename, self.mode, encoding=self.encoding)
PermissionError: [Errno 13] Permission denied: '/www/wwwroot/syswaw/python/tcp_main.log'
Traceback (most recent call last):
  File "/www/wwwroot/syswaw/python/tcp_main.py", line 127, in <module>
    main()
  File "/www/wwwroot/syswaw/python/tcp_main.py", line 106, in main
    logging.basicConfig(level=logging.INFO, format='%(asctime)s - %(levelname)s - %(message)s', filename='tcp_main.log')
  File "/usr/lib/python3.8/logging/__init__.py", line 1988, in basicConfig
    h = FileHandler(filename, mode)
  File "/usr/lib/python3.8/logging/__init__.py", line 1147, in __init__
    StreamHandler.__init__(self, self._open())
  File "/usr/lib/python3.8/logging/__init__.py", line 1176, in _open
    return open(self.baseFilename, self.mode, encoding=self.encoding)
PermissionError: [Errno 13] Permission denied: '/www/wwwroot/syswaw/python/tcp_main.log'
Traceback (most recent call last):
  File "/www/wwwroot/syswaw/python/tcp_main.py", line 127, in <module>
    main()
  File "/www/wwwroot/syswaw/python/tcp_main.py", line 106, in main
    logging.basicConfig(level=logging.INFO, format='%(asctime)s - %(levelname)s - %(message)s', filename='tcp_main.log')
  File "/usr/lib/python3.8/logging/__init__.py", line 1988, in basicConfig
    h = FileHandler(filename, mode)
  File "/usr/lib/python3.8/logging/__init__.py", line 1147, in __init__
    StreamHandler.__init__(self, self._open())
  File "/usr/lib/python3.8/logging/__init__.py", line 1176, in _open
    return open(self.baseFilename, self.mode, encoding=self.encoding)
PermissionError: [Errno 13] Permission denied: '/www/wwwroot/syswaw/python/tcp_main.log'
Traceback (most recent call last):
  File "/www/wwwroot/syswaw/python/tcp_main.py", line 127, in <module>
    main()
  File "/www/wwwroot/syswaw/python/tcp_main.py", line 106, in main
    logging.basicConfig(level=logging.INFO, format='%(asctime)s - %(levelname)s - %(message)s', filename='tcp_main.log')
  File "/usr/lib/python3.8/logging/__init__.py", line 1988, in basicConfig
    h = FileHandler(filename, mode)
  File "/usr/lib/python3.8/logging/__init__.py", line 1147, in __init__
    StreamHandler.__init__(self, self._open())
  File "/usr/lib/python3.8/logging/__init__.py", line 1176, in _open
    return open(self.baseFilename, self.mode, encoding=self.encoding)
PermissionError: [Errno 13] Permission denied: '/www/wwwroot/syswaw/python/tcp_main.log'
Traceback (most recent call last):
  File "/www/wwwroot/syswaw/python/tcp_main.py", line 127, in <module>
    main()
  File "/www/wwwroot/syswaw/python/tcp_main.py", line 106, in main
    logging.basicConfig(level=logging.INFO, format='%(asctime)s - %(levelname)s - %(message)s', filename='tcp_main.log')
  File "/usr/lib/python3.8/logging/__init__.py", line 1988, in basicConfig
    h = FileHandler(filename, mode)
  File "/usr/lib/python3.8/logging/__init__.py", line 1147, in __init__
    StreamHandler.__init__(self, self._open())
  File "/usr/lib/python3.8/logging/__init__.py", line 1176, in _open
    return open(self.baseFilename, self.mode, encoding=self.encoding)
PermissionError: [Errno 13] Permission denied: '/www/wwwroot/syswaw/python/tcp_main.log'
Traceback (most recent call last):
  File "/www/wwwroot/syswaw/python/tcp_main.py", line 127, in <module>
    main()
  File "/www/wwwroot/syswaw/python/tcp_main.py", line 106, in main
    logging.basicConfig(level=logging.INFO, format='%(asctime)s - %(levelname)s - %(message)s', filename='tcp_main.log')
  File "/usr/lib/python3.8/logging/__init__.py", line 1988, in basicConfig
    h = FileHandler(filename, mode)
  File "/usr/lib/python3.8/logging/__init__.py", line 1147, in __init__
    StreamHandler.__init__(self, self._open())
  File "/usr/lib/python3.8/logging/__init__.py", line 1176, in _open
    return open(self.baseFilename, self.mode, encoding=self.encoding)
PermissionError: [Errno 13] Permission denied: '/www/wwwroot/syswaw/python/tcp_main.log'
Traceback (most recent call last):
  File "/www/wwwroot/syswaw/python/tcp_main.py", line 127, in <module>
    main()
  File "/www/wwwroot/syswaw/python/tcp_main.py", line 106, in main
    logging.basicConfig(level=logging.INFO, format='%(asctime)s - %(levelname)s - %(message)s', filename='tcp_main.log')
  File "/usr/lib/python3.8/logging/__init__.py", line 1988, in basicConfig
    h = FileHandler(filename, mode)
  File "/usr/lib/python3.8/logging/__init__.py", line 1147, in __init__
    StreamHandler.__init__(self, self._open())
  File "/usr/lib/python3.8/logging/__init__.py", line 1176, in _open
    return open(self.baseFilename, self.mode, encoding=self.encoding)
PermissionError: [Errno 13] Permission denied: '/www/wwwroot/syswaw/python/tcp_main.log'
Traceback (most recent call last):
  File "/www/wwwroot/syswaw/python/tcp_main.py", line 127, in <module>
    main()
  File "/www/wwwroot/syswaw/python/tcp_main.py", line 106, in main
    logging.basicConfig(level=logging.INFO, format='%(asctime)s - %(levelname)s - %(message)s', filename='tcp_main.log')
  File "/usr/lib/python3.8/logging/__init__.py", line 1988, in basicConfig
    h = FileHandler(filename, mode)
  File "/usr/lib/python3.8/logging/__init__.py", line 1147, in __init__
    StreamHandler.__init__(self, self._open())
  File "/usr/lib/python3.8/logging/__init__.py", line 1176, in _open
    return open(self.baseFilename, self.mode, encoding=self.encoding)
PermissionError: [Errno 13] Permission denied: '/www/wwwroot/syswaw/python/tcp_main.log'
Traceback (most recent call last):
  File "/www/wwwroot/syswaw/python/tcp_main.py", line 127, in <module>
    main()
  File "/www/wwwroot/syswaw/python/tcp_main.py", line 106, in main
    logging.basicConfig(level=logging.INFO, format='%(asctime)s - %(levelname)s - %(message)s', filename='tcp_main.log')
  File "/usr/lib/python3.8/logging/__init__.py", line 1988, in basicConfig
    h = FileHandler(filename, mode)
  File "/usr/lib/python3.8/logging/__init__.py", line 1147, in __init__
    StreamHandler.__init__(self, self._open())
  File "/usr/lib/python3.8/logging/__init__.py", line 1176, in _open
    return open(self.baseFilename, self.mode, encoding=self.encoding)
PermissionError: [Errno 13] Permission denied: '/www/wwwroot/syswaw/python/tcp_main.log'
Traceback (most recent call last):
  File "/www/wwwroot/syswaw/python/tcp_main.py", line 127, in <module>
    main()
  File "/www/wwwroot/syswaw/python/tcp_main.py", line 106, in main
    logging.basicConfig(level=logging.INFO, format='%(asctime)s - %(levelname)s - %(message)s', filename='tcp_main.log')
  File "/usr/lib/python3.8/logging/__init__.py", line 1988, in basicConfig
    h = FileHandler(filename, mode)
  File "/usr/lib/python3.8/logging/__init__.py", line 1147, in __init__
    StreamHandler.__init__(self, self._open())
  File "/usr/lib/python3.8/logging/__init__.py", line 1176, in _open
    return open(self.baseFilename, self.mode, encoding=self.encoding)
PermissionError: [Errno 13] Permission denied: '/www/wwwroot/syswaw/python/tcp_main.log'
Traceback (most recent call last):
  File "/www/wwwroot/syswaw/python/tcp_main.py", line 127, in <module>
    main()
  File "/www/wwwroot/syswaw/python/tcp_main.py", line 106, in main
    logging.basicConfig(level=logging.INFO, format='%(asctime)s - %(levelname)s - %(message)s', filename='tcp_main.log')
  File "/usr/lib/python3.8/logging/__init__.py", line 1988, in basicConfig
    h = FileHandler(filename, mode)
  File "/usr/lib/python3.8/logging/__init__.py", line 1147, in __init__
    StreamHandler.__init__(self, self._open())
  File "/usr/lib/python3.8/logging/__init__.py", line 1176, in _open
    return open(self.baseFilename, self.mode, encoding=self.encoding)
PermissionError: [Errno 13] Permission denied: '/www/wwwroot/syswaw/python/tcp_main.log'
Traceback (most recent call last):
  File "/www/wwwroot/syswaw/python/tcp_main.py", line 127, in <module>
    main()
  File "/www/wwwroot/syswaw/python/tcp_main.py", line 106, in main
    logging.basicConfig(level=logging.INFO, format='%(asctime)s - %(levelname)s - %(message)s', filename='tcp_main.log')
  File "/usr/lib/python3.8/logging/__init__.py", line 1988, in basicConfig
    h = FileHandler(filename, mode)
  File "/usr/lib/python3.8/logging/__init__.py", line 1147, in __init__
    StreamHandler.__init__(self, self._open())
  File "/usr/lib/python3.8/logging/__init__.py", line 1176, in _open
    return open(self.baseFilename, self.mode, encoding=self.encoding)
PermissionError: [Errno 13] Permission denied: '/www/wwwroot/syswaw/python/tcp_main.log'
Traceback (most recent call last):
  File "/www/wwwroot/syswaw/python/tcp_main.py", line 127, in <module>
    main()
  File "/www/wwwroot/syswaw/python/tcp_main.py", line 106, in main
    logging.basicConfig(level=logging.INFO, format='%(asctime)s - %(levelname)s - %(message)s', filename='tcp_main.log')
  File "/usr/lib/python3.8/logging/__init__.py", line 1988, in basicConfig
    h = FileHandler(filename, mode)
  File "/usr/lib/python3.8/logging/__init__.py", line 1147, in __init__
    StreamHandler.__init__(self, self._open())
  File "/usr/lib/python3.8/logging/__init__.py", line 1176, in _open
    return open(self.baseFilename, self.mode, encoding=self.encoding)
PermissionError: [Errno 13] Permission denied: '/www/wwwroot/syswaw/python/tcp_main.log'
Traceback (most recent call last):
  File "/www/wwwroot/syswaw/python/tcp_main.py", line 127, in <module>
    main()
  File "/www/wwwroot/syswaw/python/tcp_main.py", line 106, in main
    logging.basicConfig(level=logging.INFO, format='%(asctime)s - %(levelname)s - %(message)s', filename='tcp_main.log')
  File "/usr/lib/python3.8/logging/__init__.py", line 1988, in basicConfig
    h = FileHandler(filename, mode)
  File "/usr/lib/python3.8/logging/__init__.py", line 1147, in __init__
    StreamHandler.__init__(self, self._open())
  File "/usr/lib/python3.8/logging/__init__.py", line 1176, in _open
    return open(self.baseFilename, self.mode, encoding=self.encoding)
PermissionError: [Errno 13] Permission denied: '/www/wwwroot/syswaw/python/tcp_main.log'
Traceback (most recent call last):
  File "/www/wwwroot/syswaw/python/tcp_main.py", line 127, in <module>
    main()
  File "/www/wwwroot/syswaw/python/tcp_main.py", line 106, in main
    logging.basicConfig(level=logging.INFO, format='%(asctime)s - %(levelname)s - %(message)s', filename='tcp_main.log')
  File "/usr/lib/python3.8/logging/__init__.py", line 1988, in basicConfig
    h = FileHandler(filename, mode)
  File "/usr/lib/python3.8/logging/__init__.py", line 1147, in __init__
    StreamHandler.__init__(self, self._open())
  File "/usr/lib/python3.8/logging/__init__.py", line 1176, in _open
    return open(self.baseFilename, self.mode, encoding=self.encoding)
PermissionError: [Errno 13] Permission denied: '/www/wwwroot/syswaw/python/tcp_main.log'
Traceback (most recent call last):
  File "/www/wwwroot/syswaw/python/tcp_main.py", line 127, in <module>
    main()
  File "/www/wwwroot/syswaw/python/tcp_main.py", line 106, in main
    logging.basicConfig(level=logging.INFO, format='%(asctime)s - %(levelname)s - %(message)s', filename='tcp_main.log')
  File "/usr/lib/python3.8/logging/__init__.py", line 1988, in basicConfig
    h = FileHandler(filename, mode)
  File "/usr/lib/python3.8/logging/__init__.py", line 1147, in __init__
    StreamHandler.__init__(self, self._open())
  File "/usr/lib/python3.8/logging/__init__.py", line 1176, in _open
    return open(self.baseFilename, self.mode, encoding=self.encoding)
PermissionError: [Errno 13] Permission denied: '/www/wwwroot/syswaw/python/tcp_main.log'
Traceback (most recent call last):
  File "/www/wwwroot/syswaw/python/tcp_main.py", line 127, in <module>
    main()
  File "/www/wwwroot/syswaw/python/tcp_main.py", line 106, in main
    logging.basicConfig(level=logging.INFO, format='%(asctime)s - %(levelname)s - %(message)s', filename='tcp_main.log')
  File "/usr/lib/python3.8/logging/__init__.py", line 1988, in basicConfig
    h = FileHandler(filename, mode)
  File "/usr/lib/python3.8/logging/__init__.py", line 1147, in __init__
    StreamHandler.__init__(self, self._open())
  File "/usr/lib/python3.8/logging/__init__.py", line 1176, in _open
    return open(self.baseFilename, self.mode, encoding=self.encoding)
PermissionError: [Errno 13] Permission denied: '/www/wwwroot/syswaw/python/tcp_main.log'
Traceback (most recent call last):
  File "/www/wwwroot/syswaw/python/tcp_main.py", line 127, in <module>
    main()
  File "/www/wwwroot/syswaw/python/tcp_main.py", line 106, in main
    logging.basicConfig(level=logging.INFO, format='%(asctime)s - %(levelname)s - %(message)s', filename='tcp_main.log')
  File "/usr/lib/python3.8/logging/__init__.py", line 1988, in basicConfig
    h = FileHandler(filename, mode)
  File "/usr/lib/python3.8/logging/__init__.py", line 1147, in __init__
    StreamHandler.__init__(self, self._open())
  File "/usr/lib/python3.8/logging/__init__.py", line 1176, in _open
    return open(self.baseFilename, self.mode, encoding=self.encoding)
PermissionError: [Errno 13] Permission denied: '/www/wwwroot/syswaw/python/tcp_main.log'
